#########################################################################
##                                                                     ##
##         TgSim Software                                              ##
##         A Computational Tool for Electronic Spectroscopy            ##
##                                                           2015      ##
#########################################################################
##                                                                     ##
##     Universidade Federal de Pernambuco - UFPE                       ##
##          Departamento de Quimica Fundamental - DQF                  ##
##                                                                     ##
##     Universidade Federal Rural de Pernambuco - UFRPE                ##
##          Unidade Academica de Serra Talhada - UAST                  ##
##                                                                     ##
##               http://dqfnet.ufpe.br/lqtc/tgsim/                     ##
##                                                                     ##
## ------------------------------------------------------------------- ##
##   Copyright (C) 2016  Renaldo T. Moura Jr.                          ##
## This program comes with ABSOLUTELY NO WARRANTY.                     ##
## This is free software, and you are welcome to redistribute it       ##
## under certain conditions;                                           ##
## Please, see http://www.gnu.org/licenses/ for details.               ##
## ------------------------------------------------------------------- ##
##                                                                     ##
## -- PTE module --                                                    ##
## Tg-Sim program aims the obtention of spectroscopic terms of a given ##
## electronic configuration. The software constructs all microstates   ##
## avoiding the violation of Pauli exclusion principle and using the   ##
## aufbau principle.                                                   ##
##                                                                     ##
## By using a semimicrostates approach for the type of orbital (s, p,  ##
## d, f,...) and the number of electrons, Tg-Sim returns the spectros- ##
## copic terms including spin-orbit coupling and energetically ordered ##
## by the Hund's rules.                                                ##
##                                                                     ##
## -- RTE module --                                                    ##
## The package also computes the reducible representation of a chosen  ##
## spectroscopic term in a symmetry field (symmetry point group), in a ##
## linear combination of the irreducible ones.                         ##
##                                                                     ##
#########################################################################
##  Renaldo T. Moura Jr.  | Eduardo C. Aguiar |  Julio C. S. da Silva  ##
#########################################################################


Number of microstates for configuration f^3: 364


  *** Spin Factoring Like microstates ***  
        ml (Spin UP)                ml (Spin Down)
[___ ___ ___ ___ ___ ___ ___|___ ___ ___ ___ ___ ___ ___]
----------------------------------------------------------
  3   2   1   0  -1  -2  -3   3   2   1   0  -1  -2  -3 

  1   1   1   0   0   0   0   0   0   0   0   0   0   0      Ms =   3;    Ml =   6
  1   1   0   1   0   0   0   0   0   0   0   0   0   0      Ms =   3;    Ml =   5
  1   1   0   0   1   0   0   0   0   0   0   0   0   0      Ms =   3;    Ml =   4
  1   1   0   0   0   1   0   0   0   0   0   0   0   0      Ms =   3;    Ml =   3
  1   1   0   0   0   0   1   0   0   0   0   0   0   0      Ms =   3;    Ml =   2
  1   1   0   0   0   0   0   1   0   0   0   0   0   0      Ms =   1;    Ml =   8
  1   1   0   0   0   0   0   0   1   0   0   0   0   0      Ms =   1;    Ml =   7
  1   1   0   0   0   0   0   0   0   1   0   0   0   0      Ms =   1;    Ml =   6
  1   1   0   0   0   0   0   0   0   0   1   0   0   0      Ms =   1;    Ml =   5
  1   1   0   0   0   0   0   0   0   0   0   1   0   0      Ms =   1;    Ml =   4
  1   1   0   0   0   0   0   0   0   0   0   0   1   0      Ms =   1;    Ml =   3
  1   1   0   0   0   0   0   0   0   0   0   0   0   1      Ms =   1;    Ml =   2
  1   0   1   1   0   0   0   0   0   0   0   0   0   0      Ms =   3;    Ml =   4
  1   0   1   0   1   0   0   0   0   0   0   0   0   0      Ms =   3;    Ml =   3
  1   0   1   0   0   1   0   0   0   0   0   0   0   0      Ms =   3;    Ml =   2
  1   0   1   0   0   0   1   0   0   0   0   0   0   0      Ms =   3;    Ml =   1
  1   0   1   0   0   0   0   1   0   0   0   0   0   0      Ms =   1;    Ml =   7
  1   0   1   0   0   0   0   0   1   0   0   0   0   0      Ms =   1;    Ml =   6
  1   0   1   0   0   0   0   0   0   1   0   0   0   0      Ms =   1;    Ml =   5
  1   0   1   0   0   0   0   0   0   0   1   0   0   0      Ms =   1;    Ml =   4
  1   0   1   0   0   0   0   0   0   0   0   1   0   0      Ms =   1;    Ml =   3
  1   0   1   0   0   0   0   0   0   0   0   0   1   0      Ms =   1;    Ml =   2
  1   0   1   0   0   0   0   0   0   0   0   0   0   1      Ms =   1;    Ml =   1
  1   0   0   1   1   0   0   0   0   0   0   0   0   0      Ms =   3;    Ml =   2
  1   0   0   1   0   1   0   0   0   0   0   0   0   0      Ms =   3;    Ml =   1
  1   0   0   1   0   0   1   0   0   0   0   0   0   0      Ms =   3;    Ml =   0
  1   0   0   1   0   0   0   1   0   0   0   0   0   0      Ms =   1;    Ml =   6
  1   0   0   1   0   0   0   0   1   0   0   0   0   0      Ms =   1;    Ml =   5
  1   0   0   1   0   0   0   0   0   1   0   0   0   0      Ms =   1;    Ml =   4
  1   0   0   1   0   0   0   0   0   0   1   0   0   0      Ms =   1;    Ml =   3
  1   0   0   1   0   0   0   0   0   0   0   1   0   0      Ms =   1;    Ml =   2
  1   0   0   1   0   0   0   0   0   0   0   0   1   0      Ms =   1;    Ml =   1
  1   0   0   1   0   0   0   0   0   0   0   0   0   1      Ms =   1;    Ml =   0
  1   0   0   0   1   1   0   0   0   0   0   0   0   0      Ms =   3;    Ml =   0
  1   0   0   0   1   0   1   0   0   0   0   0   0   0      Ms =   3;    Ml =  -1
  1   0   0   0   1   0   0   1   0   0   0   0   0   0      Ms =   1;    Ml =   5
  1   0   0   0   1   0   0   0   1   0   0   0   0   0      Ms =   1;    Ml =   4
  1   0   0   0   1   0   0   0   0   1   0   0   0   0      Ms =   1;    Ml =   3
  1   0   0   0   1   0   0   0   0   0   1   0   0   0      Ms =   1;    Ml =   2
  1   0   0   0   1   0   0   0   0   0   0   1   0   0      Ms =   1;    Ml =   1
  1   0   0   0   1   0   0   0   0   0   0   0   1   0      Ms =   1;    Ml =   0
  1   0   0   0   1   0   0   0   0   0   0   0   0   1      Ms =   1;    Ml =  -1
  1   0   0   0   0   1   1   0   0   0   0   0   0   0      Ms =   3;    Ml =  -2
  1   0   0   0   0   1   0   1   0   0   0   0   0   0      Ms =   1;    Ml =   4
  1   0   0   0   0   1   0   0   1   0   0   0   0   0      Ms =   1;    Ml =   3
  1   0   0   0   0   1   0   0   0   1   0   0   0   0      Ms =   1;    Ml =   2
  1   0   0   0   0   1   0   0   0   0   1   0   0   0      Ms =   1;    Ml =   1
  1   0   0   0   0   1   0   0   0   0   0   1   0   0      Ms =   1;    Ml =   0
  1   0   0   0   0   1   0   0   0   0   0   0   1   0      Ms =   1;    Ml =  -1
  1   0   0   0   0   1   0   0   0   0   0   0   0   1      Ms =   1;    Ml =  -2
  1   0   0   0   0   0   1   1   0   0   0   0   0   0      Ms =   1;    Ml =   3
  1   0   0   0   0   0   1   0   1   0   0   0   0   0      Ms =   1;    Ml =   2
  1   0   0   0   0   0   1   0   0   1   0   0   0   0      Ms =   1;    Ml =   1
  1   0   0   0   0   0   1   0   0   0   1   0   0   0      Ms =   1;    Ml =   0
  1   0   0   0   0   0   1   0   0   0   0   1   0   0      Ms =   1;    Ml =  -1
  1   0   0   0   0   0   1   0   0   0   0   0   1   0      Ms =   1;    Ml =  -2
  1   0   0   0   0   0   1   0   0   0   0   0   0   1      Ms =   1;    Ml =  -3
  1   0   0   0   0   0   0   1   1   0   0   0   0   0      Ms =  -1;    Ml =   8
  1   0   0   0   0   0   0   1   0   1   0   0   0   0      Ms =  -1;    Ml =   7
  1   0   0   0   0   0   0   1   0   0   1   0   0   0      Ms =  -1;    Ml =   6
  1   0   0   0   0   0   0   1   0   0   0   1   0   0      Ms =  -1;    Ml =   5
  1   0   0   0   0   0   0   1   0   0   0   0   1   0      Ms =  -1;    Ml =   4
  1   0   0   0   0   0   0   1   0   0   0   0   0   1      Ms =  -1;    Ml =   3
  1   0   0   0   0   0   0   0   1   1   0   0   0   0      Ms =  -1;    Ml =   6
  1   0   0   0   0   0   0   0   1   0   1   0   0   0      Ms =  -1;    Ml =   5
  1   0   0   0   0   0   0   0   1   0   0   1   0   0      Ms =  -1;    Ml =   4
  1   0   0   0   0   0   0   0   1   0   0   0   1   0      Ms =  -1;    Ml =   3
  1   0   0   0   0   0   0   0   1   0   0   0   0   1      Ms =  -1;    Ml =   2
  1   0   0   0   0   0   0   0   0   1   1   0   0   0      Ms =  -1;    Ml =   4
  1   0   0   0   0   0   0   0   0   1   0   1   0   0      Ms =  -1;    Ml =   3
  1   0   0   0   0   0   0   0   0   1   0   0   1   0      Ms =  -1;    Ml =   2
  1   0   0   0   0   0   0   0   0   1   0   0   0   1      Ms =  -1;    Ml =   1
  1   0   0   0   0   0   0   0   0   0   1   1   0   0      Ms =  -1;    Ml =   2
  1   0   0   0   0   0   0   0   0   0   1   0   1   0      Ms =  -1;    Ml =   1
  1   0   0   0   0   0   0   0   0   0   1   0   0   1      Ms =  -1;    Ml =   0
  1   0   0   0   0   0   0   0   0   0   0   1   1   0      Ms =  -1;    Ml =   0
  1   0   0   0   0   0   0   0   0   0   0   1   0   1      Ms =  -1;    Ml =  -1
  1   0   0   0   0   0   0   0   0   0   0   0   1   1      Ms =  -1;    Ml =  -2
  0   1   1   1   0   0   0   0   0   0   0   0   0   0      Ms =   3;    Ml =   3
  0   1   1   0   1   0   0   0   0   0   0   0   0   0      Ms =   3;    Ml =   2
  0   1   1   0   0   1   0   0   0   0   0   0   0   0      Ms =   3;    Ml =   1
  0   1   1   0   0   0   1   0   0   0   0   0   0   0      Ms =   3;    Ml =   0
  0   1   1   0   0   0   0   1   0   0   0   0   0   0      Ms =   1;    Ml =   6
  0   1   1   0   0   0   0   0   1   0   0   0   0   0      Ms =   1;    Ml =   5
  0   1   1   0   0   0   0   0   0   1   0   0   0   0      Ms =   1;    Ml =   4
  0   1   1   0   0   0   0   0   0   0   1   0   0   0      Ms =   1;    Ml =   3
  0   1   1   0   0   0   0   0   0   0   0   1   0   0      Ms =   1;    Ml =   2
  0   1   1   0   0   0   0   0   0   0   0   0   1   0      Ms =   1;    Ml =   1
  0   1   1   0   0   0   0   0   0   0   0   0   0   1      Ms =   1;    Ml =   0
  0   1   0   1   1   0   0   0   0   0   0   0   0   0      Ms =   3;    Ml =   1
  0   1   0   1   0   1   0   0   0   0   0   0   0   0      Ms =   3;    Ml =   0
  0   1   0   1   0   0   1   0   0   0   0   0   0   0      Ms =   3;    Ml =  -1
  0   1   0   1   0   0   0   1   0   0   0   0   0   0      Ms =   1;    Ml =   5
  0   1   0   1   0   0   0   0   1   0   0   0   0   0      Ms =   1;    Ml =   4
  0   1   0   1   0   0   0   0   0   1   0   0   0   0      Ms =   1;    Ml =   3
  0   1   0   1   0   0   0   0   0   0   1   0   0   0      Ms =   1;    Ml =   2
  0   1   0   1   0   0   0   0   0   0   0   1   0   0      Ms =   1;    Ml =   1
  0   1   0   1   0   0   0   0   0   0   0   0   1   0      Ms =   1;    Ml =   0
  0   1   0   1   0   0   0   0   0   0   0   0   0   1      Ms =   1;    Ml =  -1
  0   1   0   0   1   1   0   0   0   0   0   0   0   0      Ms =   3;    Ml =  -1
  0   1   0   0   1   0   1   0   0   0   0   0   0   0      Ms =   3;    Ml =  -2
  0   1   0   0   1   0   0   1   0   0   0   0   0   0      Ms =   1;    Ml =   4
  0   1   0   0   1   0   0   0   1   0   0   0   0   0      Ms =   1;    Ml =   3
  0   1   0   0   1   0   0   0   0   1   0   0   0   0      Ms =   1;    Ml =   2
  0   1   0   0   1   0   0   0   0   0   1   0   0   0      Ms =   1;    Ml =   1
  0   1   0   0   1   0   0   0   0   0   0   1   0   0      Ms =   1;    Ml =   0
  0   1   0   0   1   0   0   0   0   0   0   0   1   0      Ms =   1;    Ml =  -1
  0   1   0   0   1   0   0   0   0   0   0   0   0   1      Ms =   1;    Ml =  -2
  0   1   0   0   0   1   1   0   0   0   0   0   0   0      Ms =   3;    Ml =  -3
  0   1   0   0   0   1   0   1   0   0   0   0   0   0      Ms =   1;    Ml =   3
  0   1   0   0   0   1   0   0   1   0   0   0   0   0      Ms =   1;    Ml =   2
  0   1   0   0   0   1   0   0   0   1   0   0   0   0      Ms =   1;    Ml =   1
  0   1   0   0   0   1   0   0   0   0   1   0   0   0      Ms =   1;    Ml =   0
  0   1   0   0   0   1   0   0   0   0   0   1   0   0      Ms =   1;    Ml =  -1
  0   1   0   0   0   1   0   0   0   0   0   0   1   0      Ms =   1;    Ml =  -2
  0   1   0   0   0   1   0   0   0   0   0   0   0   1      Ms =   1;    Ml =  -3
  0   1   0   0   0   0   1   1   0   0   0   0   0   0      Ms =   1;    Ml =   2
  0   1   0   0   0   0   1   0   1   0   0   0   0   0      Ms =   1;    Ml =   1
  0   1   0   0   0   0   1   0   0   1   0   0   0   0      Ms =   1;    Ml =   0
  0   1   0   0   0   0   1   0   0   0   1   0   0   0      Ms =   1;    Ml =  -1
  0   1   0   0   0   0   1   0   0   0   0   1   0   0      Ms =   1;    Ml =  -2
  0   1   0   0   0   0   1   0   0   0   0   0   1   0      Ms =   1;    Ml =  -3
  0   1   0   0   0   0   1   0   0   0   0   0   0   1      Ms =   1;    Ml =  -4
  0   1   0   0   0   0   0   1   1   0   0   0   0   0      Ms =  -1;    Ml =   7
  0   1   0   0   0   0   0   1   0   1   0   0   0   0      Ms =  -1;    Ml =   6
  0   1   0   0   0   0   0   1   0   0   1   0   0   0      Ms =  -1;    Ml =   5
  0   1   0   0   0   0   0   1   0   0   0   1   0   0      Ms =  -1;    Ml =   4
  0   1   0   0   0   0   0   1   0   0   0   0   1   0      Ms =  -1;    Ml =   3
  0   1   0   0   0   0   0   1   0   0   0   0   0   1      Ms =  -1;    Ml =   2
  0   1   0   0   0   0   0   0   1   1   0   0   0   0      Ms =  -1;    Ml =   5
  0   1   0   0   0   0   0   0   1   0   1   0   0   0      Ms =  -1;    Ml =   4
  0   1   0   0   0   0   0   0   1   0   0   1   0   0      Ms =  -1;    Ml =   3
  0   1   0   0   0   0   0   0   1   0   0   0   1   0      Ms =  -1;    Ml =   2
  0   1   0   0   0   0   0   0   1   0   0   0   0   1      Ms =  -1;    Ml =   1
  0   1   0   0   0   0   0   0   0   1   1   0   0   0      Ms =  -1;    Ml =   3
  0   1   0   0   0   0   0   0   0   1   0   1   0   0      Ms =  -1;    Ml =   2
  0   1   0   0   0   0   0   0   0   1   0   0   1   0      Ms =  -1;    Ml =   1
  0   1   0   0   0   0   0   0   0   1   0   0   0   1      Ms =  -1;    Ml =   0
  0   1   0   0   0   0   0   0   0   0   1   1   0   0      Ms =  -1;    Ml =   1
  0   1   0   0   0   0   0   0   0   0   1   0   1   0      Ms =  -1;    Ml =   0
  0   1   0   0   0   0   0   0   0   0   1   0   0   1      Ms =  -1;    Ml =  -1
  0   1   0   0   0   0   0   0   0   0   0   1   1   0      Ms =  -1;    Ml =  -1
  0   1   0   0   0   0   0   0   0   0   0   1   0   1      Ms =  -1;    Ml =  -2
  0   1   0   0   0   0   0   0   0   0   0   0   1   1      Ms =  -1;    Ml =  -3
  0   0   1   1   1   0   0   0   0   0   0   0   0   0      Ms =   3;    Ml =   0
  0   0   1   1   0   1   0   0   0   0   0   0   0   0      Ms =   3;    Ml =  -1
  0   0   1   1   0   0   1   0   0   0   0   0   0   0      Ms =   3;    Ml =  -2
  0   0   1   1   0   0   0   1   0   0   0   0   0   0      Ms =   1;    Ml =   4
  0   0   1   1   0   0   0   0   1   0   0   0   0   0      Ms =   1;    Ml =   3
  0   0   1   1   0   0   0   0   0   1   0   0   0   0      Ms =   1;    Ml =   2
  0   0   1   1   0   0   0   0   0   0   1   0   0   0      Ms =   1;    Ml =   1
  0   0   1   1   0   0   0   0   0   0   0   1   0   0      Ms =   1;    Ml =   0
  0   0   1   1   0   0   0   0   0   0   0   0   1   0      Ms =   1;    Ml =  -1
  0   0   1   1   0   0   0   0   0   0   0   0   0   1      Ms =   1;    Ml =  -2
  0   0   1   0   1   1   0   0   0   0   0   0   0   0      Ms =   3;    Ml =  -2
  0   0   1   0   1   0   1   0   0   0   0   0   0   0      Ms =   3;    Ml =  -3
  0   0   1   0   1   0   0   1   0   0   0   0   0   0      Ms =   1;    Ml =   3
  0   0   1   0   1   0   0   0   1   0   0   0   0   0      Ms =   1;    Ml =   2
  0   0   1   0   1   0   0   0   0   1   0   0   0   0      Ms =   1;    Ml =   1
  0   0   1   0   1   0   0   0   0   0   1   0   0   0      Ms =   1;    Ml =   0
  0   0   1   0   1   0   0   0   0   0   0   1   0   0      Ms =   1;    Ml =  -1
  0   0   1   0   1   0   0   0   0   0   0   0   1   0      Ms =   1;    Ml =  -2
  0   0   1   0   1   0   0   0   0   0   0   0   0   1      Ms =   1;    Ml =  -3
  0   0   1   0   0   1   1   0   0   0   0   0   0   0      Ms =   3;    Ml =  -4
  0   0   1   0   0   1   0   1   0   0   0   0   0   0      Ms =   1;    Ml =   2
  0   0   1   0   0   1   0   0   1   0   0   0   0   0      Ms =   1;    Ml =   1
  0   0   1   0   0   1   0   0   0   1   0   0   0   0      Ms =   1;    Ml =   0
  0   0   1   0   0   1   0   0   0   0   1   0   0   0      Ms =   1;    Ml =  -1
  0   0   1   0   0   1   0   0   0   0   0   1   0   0      Ms =   1;    Ml =  -2
  0   0   1   0   0   1   0   0   0   0   0   0   1   0      Ms =   1;    Ml =  -3
  0   0   1   0   0   1   0   0   0   0   0   0   0   1      Ms =   1;    Ml =  -4
  0   0   1   0   0   0   1   1   0   0   0   0   0   0      Ms =   1;    Ml =   1
  0   0   1   0   0   0   1   0   1   0   0   0   0   0      Ms =   1;    Ml =   0
  0   0   1   0   0   0   1   0   0   1   0   0   0   0      Ms =   1;    Ml =  -1
  0   0   1   0   0   0   1   0   0   0   1   0   0   0      Ms =   1;    Ml =  -2
  0   0   1   0   0   0   1   0   0   0   0   1   0   0      Ms =   1;    Ml =  -3
  0   0   1   0   0   0   1   0   0   0   0   0   1   0      Ms =   1;    Ml =  -4
  0   0   1   0   0   0   1   0   0   0   0   0   0   1      Ms =   1;    Ml =  -5
  0   0   1   0   0   0   0   1   1   0   0   0   0   0      Ms =  -1;    Ml =   6
  0   0   1   0   0   0   0   1   0   1   0   0   0   0      Ms =  -1;    Ml =   5
  0   0   1   0   0   0   0   1   0   0   1   0   0   0      Ms =  -1;    Ml =   4
  0   0   1   0   0   0   0   1   0   0   0   1   0   0      Ms =  -1;    Ml =   3
  0   0   1   0   0   0   0   1   0   0   0   0   1   0      Ms =  -1;    Ml =   2
  0   0   1   0   0   0   0   1   0   0   0   0   0   1      Ms =  -1;    Ml =   1
  0   0   1   0   0   0   0   0   1   1   0   0   0   0      Ms =  -1;    Ml =   4
  0   0   1   0   0   0   0   0   1   0   1   0   0   0      Ms =  -1;    Ml =   3
  0   0   1   0   0   0   0   0   1   0   0   1   0   0      Ms =  -1;    Ml =   2
  0   0   1   0   0   0   0   0   1   0   0   0   1   0      Ms =  -1;    Ml =   1
  0   0   1   0   0   0   0   0   1   0   0   0   0   1      Ms =  -1;    Ml =   0
  0   0   1   0   0   0   0   0   0   1   1   0   0   0      Ms =  -1;    Ml =   2
  0   0   1   0   0   0   0   0   0   1   0   1   0   0      Ms =  -1;    Ml =   1
  0   0   1   0   0   0   0   0   0   1   0   0   1   0      Ms =  -1;    Ml =   0
  0   0   1   0   0   0   0   0   0   1   0   0   0   1      Ms =  -1;    Ml =  -1
  0   0   1   0   0   0   0   0   0   0   1   1   0   0      Ms =  -1;    Ml =   0
  0   0   1   0   0   0   0   0   0   0   1   0   1   0      Ms =  -1;    Ml =  -1
  0   0   1   0   0   0   0   0   0   0   1   0   0   1      Ms =  -1;    Ml =  -2
  0   0   1   0   0   0   0   0   0   0   0   1   1   0      Ms =  -1;    Ml =  -2
  0   0   1   0   0   0   0   0   0   0   0   1   0   1      Ms =  -1;    Ml =  -3
  0   0   1   0   0   0   0   0   0   0   0   0   1   1      Ms =  -1;    Ml =  -4
  0   0   0   1   1   1   0   0   0   0   0   0   0   0      Ms =   3;    Ml =  -3
  0   0   0   1   1   0   1   0   0   0   0   0   0   0      Ms =   3;    Ml =  -4
  0   0   0   1   1   0   0   1   0   0   0   0   0   0      Ms =   1;    Ml =   2
  0   0   0   1   1   0   0   0   1   0   0   0   0   0      Ms =   1;    Ml =   1
  0   0   0   1   1   0   0   0   0   1   0   0   0   0      Ms =   1;    Ml =   0
  0   0   0   1   1   0   0   0   0   0   1   0   0   0      Ms =   1;    Ml =  -1
  0   0   0   1   1   0   0   0   0   0   0   1   0   0      Ms =   1;    Ml =  -2
  0   0   0   1   1   0   0   0   0   0   0   0   1   0      Ms =   1;    Ml =  -3
  0   0   0   1   1   0   0   0   0   0   0   0   0   1      Ms =   1;    Ml =  -4
  0   0   0   1   0   1   1   0   0   0   0   0   0   0      Ms =   3;    Ml =  -5
  0   0   0   1   0   1   0   1   0   0   0   0   0   0      Ms =   1;    Ml =   1
  0   0   0   1   0   1   0   0   1   0   0   0   0   0      Ms =   1;    Ml =   0
  0   0   0   1   0   1   0   0   0   1   0   0   0   0      Ms =   1;    Ml =  -1
  0   0   0   1   0   1   0   0   0   0   1   0   0   0      Ms =   1;    Ml =  -2
  0   0   0   1   0   1   0   0   0   0   0   1   0   0      Ms =   1;    Ml =  -3
  0   0   0   1   0   1   0   0   0   0   0   0   1   0      Ms =   1;    Ml =  -4
  0   0   0   1   0   1   0   0   0   0   0   0   0   1      Ms =   1;    Ml =  -5
  0   0   0   1   0   0   1   1   0   0   0   0   0   0      Ms =   1;    Ml =   0
  0   0   0   1   0   0   1   0   1   0   0   0   0   0      Ms =   1;    Ml =  -1
  0   0   0   1   0   0   1   0   0   1   0   0   0   0      Ms =   1;    Ml =  -2
  0   0   0   1   0   0   1   0   0   0   1   0   0   0      Ms =   1;    Ml =  -3
  0   0   0   1   0   0   1   0   0   0   0   1   0   0      Ms =   1;    Ml =  -4
  0   0   0   1   0   0   1   0   0   0   0   0   1   0      Ms =   1;    Ml =  -5
  0   0   0   1   0   0   1   0   0   0   0   0   0   1      Ms =   1;    Ml =  -6
  0   0   0   1   0   0   0   1   1   0   0   0   0   0      Ms =  -1;    Ml =   5
  0   0   0   1   0   0   0   1   0   1   0   0   0   0      Ms =  -1;    Ml =   4
  0   0   0   1   0   0   0   1   0   0   1   0   0   0      Ms =  -1;    Ml =   3
  0   0   0   1   0   0   0   1   0   0   0   1   0   0      Ms =  -1;    Ml =   2
  0   0   0   1   0   0   0   1   0   0   0   0   1   0      Ms =  -1;    Ml =   1
  0   0   0   1   0   0   0   1   0   0   0   0   0   1      Ms =  -1;    Ml =   0
  0   0   0   1   0   0   0   0   1   1   0   0   0   0      Ms =  -1;    Ml =   3
  0   0   0   1   0   0   0   0   1   0   1   0   0   0      Ms =  -1;    Ml =   2
  0   0   0   1   0   0   0   0   1   0   0   1   0   0      Ms =  -1;    Ml =   1
  0   0   0   1   0   0   0   0   1   0   0   0   1   0      Ms =  -1;    Ml =   0
  0   0   0   1   0   0   0   0   1   0   0   0   0   1      Ms =  -1;    Ml =  -1
  0   0   0   1   0   0   0   0   0   1   1   0   0   0      Ms =  -1;    Ml =   1
  0   0   0   1   0   0   0   0   0   1   0   1   0   0      Ms =  -1;    Ml =   0
  0   0   0   1   0   0   0   0   0   1   0   0   1   0      Ms =  -1;    Ml =  -1
  0   0   0   1   0   0   0   0   0   1   0   0   0   1      Ms =  -1;    Ml =  -2
  0   0   0   1   0   0   0   0   0   0   1   1   0   0      Ms =  -1;    Ml =  -1
  0   0   0   1   0   0   0   0   0   0   1   0   1   0      Ms =  -1;    Ml =  -2
  0   0   0   1   0   0   0   0   0   0   1   0   0   1      Ms =  -1;    Ml =  -3
  0   0   0   1   0   0   0   0   0   0   0   1   1   0      Ms =  -1;    Ml =  -3
  0   0   0   1   0   0   0   0   0   0   0   1   0   1      Ms =  -1;    Ml =  -4
  0   0   0   1   0   0   0   0   0   0   0   0   1   1      Ms =  -1;    Ml =  -5
  0   0   0   0   1   1   1   0   0   0   0   0   0   0      Ms =   3;    Ml =  -6
  0   0   0   0   1   1   0   1   0   0   0   0   0   0      Ms =   1;    Ml =   0
  0   0   0   0   1   1   0   0   1   0   0   0   0   0      Ms =   1;    Ml =  -1
  0   0   0   0   1   1   0   0   0   1   0   0   0   0      Ms =   1;    Ml =  -2
  0   0   0   0   1   1   0   0   0   0   1   0   0   0      Ms =   1;    Ml =  -3
  0   0   0   0   1   1   0   0   0   0   0   1   0   0      Ms =   1;    Ml =  -4
  0   0   0   0   1   1   0   0   0   0   0   0   1   0      Ms =   1;    Ml =  -5
  0   0   0   0   1   1   0   0   0   0   0   0   0   1      Ms =   1;    Ml =  -6
  0   0   0   0   1   0   1   1   0   0   0   0   0   0      Ms =   1;    Ml =  -1
  0   0   0   0   1   0   1   0   1   0   0   0   0   0      Ms =   1;    Ml =  -2
  0   0   0   0   1   0   1   0   0   1   0   0   0   0      Ms =   1;    Ml =  -3
  0   0   0   0   1   0   1   0   0   0   1   0   0   0      Ms =   1;    Ml =  -4
  0   0   0   0   1   0   1   0   0   0   0   1   0   0      Ms =   1;    Ml =  -5
  0   0   0   0   1   0   1   0   0   0   0   0   1   0      Ms =   1;    Ml =  -6
  0   0   0   0   1   0   1   0   0   0   0   0   0   1      Ms =   1;    Ml =  -7
  0   0   0   0   1   0   0   1   1   0   0   0   0   0      Ms =  -1;    Ml =   4
  0   0   0   0   1   0   0   1   0   1   0   0   0   0      Ms =  -1;    Ml =   3
  0   0   0   0   1   0   0   1   0   0   1   0   0   0      Ms =  -1;    Ml =   2
  0   0   0   0   1   0   0   1   0   0   0   1   0   0      Ms =  -1;    Ml =   1
  0   0   0   0   1   0   0   1   0   0   0   0   1   0      Ms =  -1;    Ml =   0
  0   0   0   0   1   0   0   1   0   0   0   0   0   1      Ms =  -1;    Ml =  -1
  0   0   0   0   1   0   0   0   1   1   0   0   0   0      Ms =  -1;    Ml =   2
  0   0   0   0   1   0   0   0   1   0   1   0   0   0      Ms =  -1;    Ml =   1
  0   0   0   0   1   0   0   0   1   0   0   1   0   0      Ms =  -1;    Ml =   0
  0   0   0   0   1   0   0   0   1   0   0   0   1   0      Ms =  -1;    Ml =  -1
  0   0   0   0   1   0   0   0   1   0   0   0   0   1      Ms =  -1;    Ml =  -2
  0   0   0   0   1   0   0   0   0   1   1   0   0   0      Ms =  -1;    Ml =   0
  0   0   0   0   1   0   0   0   0   1   0   1   0   0      Ms =  -1;    Ml =  -1
  0   0   0   0   1   0   0   0   0   1   0   0   1   0      Ms =  -1;    Ml =  -2
  0   0   0   0   1   0   0   0   0   1   0   0   0   1      Ms =  -1;    Ml =  -3
  0   0   0   0   1   0   0   0   0   0   1   1   0   0      Ms =  -1;    Ml =  -2
  0   0   0   0   1   0   0   0   0   0   1   0   1   0      Ms =  -1;    Ml =  -3
  0   0   0   0   1   0   0   0   0   0   1   0   0   1      Ms =  -1;    Ml =  -4
  0   0   0   0   1   0   0   0   0   0   0   1   1   0      Ms =  -1;    Ml =  -4
  0   0   0   0   1   0   0   0   0   0   0   1   0   1      Ms =  -1;    Ml =  -5
  0   0   0   0   1   0   0   0   0   0   0   0   1   1      Ms =  -1;    Ml =  -6
  0   0   0   0   0   1   1   1   0   0   0   0   0   0      Ms =   1;    Ml =  -2
  0   0   0   0   0   1   1   0   1   0   0   0   0   0      Ms =   1;    Ml =  -3
  0   0   0   0   0   1   1   0   0   1   0   0   0   0      Ms =   1;    Ml =  -4
  0   0   0   0   0   1   1   0   0   0   1   0   0   0      Ms =   1;    Ml =  -5
  0   0   0   0   0   1   1   0   0   0   0   1   0   0      Ms =   1;    Ml =  -6
  0   0   0   0   0   1   1   0   0   0   0   0   1   0      Ms =   1;    Ml =  -7
  0   0   0   0   0   1   1   0   0   0   0   0   0   1      Ms =   1;    Ml =  -8
  0   0   0   0   0   1   0   1   1   0   0   0   0   0      Ms =  -1;    Ml =   3
  0   0   0   0   0   1   0   1   0   1   0   0   0   0      Ms =  -1;    Ml =   2
  0   0   0   0   0   1   0   1   0   0   1   0   0   0      Ms =  -1;    Ml =   1
  0   0   0   0   0   1   0   1   0   0   0   1   0   0      Ms =  -1;    Ml =   0
  0   0   0   0   0   1   0   1   0   0   0   0   1   0      Ms =  -1;    Ml =  -1
  0   0   0   0   0   1   0   1   0   0   0   0   0   1      Ms =  -1;    Ml =  -2
  0   0   0   0   0   1   0   0   1   1   0   0   0   0      Ms =  -1;    Ml =   1
  0   0   0   0   0   1   0   0   1   0   1   0   0   0      Ms =  -1;    Ml =   0
  0   0   0   0   0   1   0   0   1   0   0   1   0   0      Ms =  -1;    Ml =  -1
  0   0   0   0   0   1   0   0   1   0   0   0   1   0      Ms =  -1;    Ml =  -2
  0   0   0   0   0   1   0   0   1   0   0   0   0   1      Ms =  -1;    Ml =  -3
  0   0   0   0   0   1   0   0   0   1   1   0   0   0      Ms =  -1;    Ml =  -1
  0   0   0   0   0   1   0   0   0   1   0   1   0   0      Ms =  -1;    Ml =  -2
  0   0   0   0   0   1   0   0   0   1   0   0   1   0      Ms =  -1;    Ml =  -3
  0   0   0   0   0   1   0   0   0   1   0   0   0   1      Ms =  -1;    Ml =  -4
  0   0   0   0   0   1   0   0   0   0   1   1   0   0      Ms =  -1;    Ml =  -3
  0   0   0   0   0   1   0   0   0   0   1   0   1   0      Ms =  -1;    Ml =  -4
  0   0   0   0   0   1   0   0   0   0   1   0   0   1      Ms =  -1;    Ml =  -5
  0   0   0   0   0   1   0   0   0   0   0   1   1   0      Ms =  -1;    Ml =  -5
  0   0   0   0   0   1   0   0   0   0   0   1   0   1      Ms =  -1;    Ml =  -6
  0   0   0   0   0   1   0   0   0   0   0   0   1   1      Ms =  -1;    Ml =  -7
  0   0   0   0   0   0   1   1   1   0   0   0   0   0      Ms =  -1;    Ml =   2
  0   0   0   0   0   0   1   1   0   1   0   0   0   0      Ms =  -1;    Ml =   1
  0   0   0   0   0   0   1   1   0   0   1   0   0   0      Ms =  -1;    Ml =   0
  0   0   0   0   0   0   1   1   0   0   0   1   0   0      Ms =  -1;    Ml =  -1
  0   0   0   0   0   0   1   1   0   0   0   0   1   0      Ms =  -1;    Ml =  -2
  0   0   0   0   0   0   1   1   0   0   0   0   0   1      Ms =  -1;    Ml =  -3
  0   0   0   0   0   0   1   0   1   1   0   0   0   0      Ms =  -1;    Ml =   0
  0   0   0   0   0   0   1   0   1   0   1   0   0   0      Ms =  -1;    Ml =  -1
  0   0   0   0   0   0   1   0   1   0   0   1   0   0      Ms =  -1;    Ml =  -2
  0   0   0   0   0   0   1   0   1   0   0   0   1   0      Ms =  -1;    Ml =  -3
  0   0   0   0   0   0   1   0   1   0   0   0   0   1      Ms =  -1;    Ml =  -4
  0   0   0   0   0   0   1   0   0   1   1   0   0   0      Ms =  -1;    Ml =  -2
  0   0   0   0   0   0   1   0   0   1   0   1   0   0      Ms =  -1;    Ml =  -3
  0   0   0   0   0   0   1   0   0   1   0   0   1   0      Ms =  -1;    Ml =  -4
  0   0   0   0   0   0   1   0   0   1   0   0   0   1      Ms =  -1;    Ml =  -5
  0   0   0   0   0   0   1   0   0   0   1   1   0   0      Ms =  -1;    Ml =  -4
  0   0   0   0   0   0   1   0   0   0   1   0   1   0      Ms =  -1;    Ml =  -5
  0   0   0   0   0   0   1   0   0   0   1   0   0   1      Ms =  -1;    Ml =  -6
  0   0   0   0   0   0   1   0   0   0   0   1   1   0      Ms =  -1;    Ml =  -6
  0   0   0   0   0   0   1   0   0   0   0   1   0   1      Ms =  -1;    Ml =  -7
  0   0   0   0   0   0   1   0   0   0   0   0   1   1      Ms =  -1;    Ml =  -8
  0   0   0   0   0   0   0   1   1   1   0   0   0   0      Ms =  -3;    Ml =   6
  0   0   0   0   0   0   0   1   1   0   1   0   0   0      Ms =  -3;    Ml =   5
  0   0   0   0   0   0   0   1   1   0   0   1   0   0      Ms =  -3;    Ml =   4
  0   0   0   0   0   0   0   1   1   0   0   0   1   0      Ms =  -3;    Ml =   3
  0   0   0   0   0   0   0   1   1   0   0   0   0   1      Ms =  -3;    Ml =   2
  0   0   0   0   0   0   0   1   0   1   1   0   0   0      Ms =  -3;    Ml =   4
  0   0   0   0   0   0   0   1   0   1   0   1   0   0      Ms =  -3;    Ml =   3
  0   0   0   0   0   0   0   1   0   1   0   0   1   0      Ms =  -3;    Ml =   2
  0   0   0   0   0   0   0   1   0   1   0   0   0   1      Ms =  -3;    Ml =   1
  0   0   0   0   0   0   0   1   0   0   1   1   0   0      Ms =  -3;    Ml =   2
  0   0   0   0   0   0   0   1   0   0   1   0   1   0      Ms =  -3;    Ml =   1
  0   0   0   0   0   0   0   1   0   0   1   0   0   1      Ms =  -3;    Ml =   0
  0   0   0   0   0   0   0   1   0   0   0   1   1   0      Ms =  -3;    Ml =   0
  0   0   0   0   0   0   0   1   0   0   0   1   0   1      Ms =  -3;    Ml =  -1
  0   0   0   0   0   0   0   1   0   0   0   0   1   1      Ms =  -3;    Ml =  -2
  0   0   0   0   0   0   0   0   1   1   1   0   0   0      Ms =  -3;    Ml =   3
  0   0   0   0   0   0   0   0   1   1   0   1   0   0      Ms =  -3;    Ml =   2
  0   0   0   0   0   0   0   0   1   1   0   0   1   0      Ms =  -3;    Ml =   1
  0   0   0   0   0   0   0   0   1   1   0   0   0   1      Ms =  -3;    Ml =   0
  0   0   0   0   0   0   0   0   1   0   1   1   0   0      Ms =  -3;    Ml =   1
  0   0   0   0   0   0   0   0   1   0   1   0   1   0      Ms =  -3;    Ml =   0
  0   0   0   0   0   0   0   0   1   0   1   0   0   1      Ms =  -3;    Ml =  -1
  0   0   0   0   0   0   0   0   1   0   0   1   1   0      Ms =  -3;    Ml =  -1
  0   0   0   0   0   0   0   0   1   0   0   1   0   1      Ms =  -3;    Ml =  -2
  0   0   0   0   0   0   0   0   1   0   0   0   1   1      Ms =  -3;    Ml =  -3
  0   0   0   0   0   0   0   0   0   1   1   1   0   0      Ms =  -3;    Ml =   0
  0   0   0   0   0   0   0   0   0   1   1   0   1   0      Ms =  -3;    Ml =  -1
  0   0   0   0   0   0   0   0   0   1   1   0   0   1      Ms =  -3;    Ml =  -2
  0   0   0   0   0   0   0   0   0   1   0   1   1   0      Ms =  -3;    Ml =  -2
  0   0   0   0   0   0   0   0   0   1   0   1   0   1      Ms =  -3;    Ml =  -3
  0   0   0   0   0   0   0   0   0   1   0   0   1   1      Ms =  -3;    Ml =  -4
  0   0   0   0   0   0   0   0   0   0   1   1   1   0      Ms =  -3;    Ml =  -3
  0   0   0   0   0   0   0   0   0   0   1   1   0   1      Ms =  -3;    Ml =  -4
  0   0   0   0   0   0   0   0   0   0   1   0   1   1      Ms =  -3;    Ml =  -5
  0   0   0   0   0   0   0   0   0   0   0   1   1   1      Ms =  -3;    Ml =  -6

-> Grouping microstates into the answer matrix... (in terms of L and S) 




	*** Anwser Matrix - all microstates computed ***

MS:	      1.5	      0.5

ML: 8	        0	        1	
ML: 7	        0	        2	
ML: 6	        1	        4	
ML: 5	        1	        6	
ML: 4	        2	        9	
ML: 3	        3	       12	
ML: 2	        4	       15	
ML: 1	        4	       16	
ML: 0	        5	       17	

Sum of all matrix elements: 102



-> Interpreting the Anwser Matrix to compute the Spectroscopic Terms (Terms Symbols)

   *** Printing the Spectroscopic Terms of the electronic configuration ***



-> Spectroscopic Term found:
L=8, S=0.5 --- 2L  (M.E.= 34)

-> Eliminating the 2L microstates from Anwser Matrix.


	*** Anwser Matrix - all microstates computed ***

MS:	      1.5	      0.5

ML: 7	        0	        1	
ML: 6	        1	        3	
ML: 5	        1	        5	
ML: 4	        2	        8	
ML: 3	        3	       11	
ML: 2	        4	       14	
ML: 1	        4	       15	
ML: 0	        5	       16	

Sum of all matrix elements: 93


-> Spectroscopic Term found:
L=7, S=0.5 --- 2K  (M.E.= 30)

-> Eliminating the 2K microstates from Anwser Matrix.


	*** Anwser Matrix - all microstates computed ***

MS:	      1.5	      0.5

ML: 6	        1	        2	
ML: 5	        1	        4	
ML: 4	        2	        7	
ML: 3	        3	       10	
ML: 2	        4	       13	
ML: 1	        4	       14	
ML: 0	        5	       15	

Sum of all matrix elements: 85


-> Spectroscopic Term found:
L=6, S=1.5 --- 4I  (M.E.= 52)

-> Eliminating the 4I microstates from Anwser Matrix.


	*** Anwser Matrix - all microstates computed ***

MS:	      1.5	      0.5

ML: 6	        0	        1	
ML: 5	        0	        3	
ML: 4	        1	        6	
ML: 3	        2	        9	
ML: 2	        3	       12	
ML: 1	        3	       13	
ML: 0	        4	       14	

Sum of all matrix elements: 71


-> Spectroscopic Term found:
L=6, S=0.5 --- 2I  (M.E.= 26)

-> Eliminating the 2I microstates from Anwser Matrix.


	*** Anwser Matrix - all microstates computed ***

MS:	      1.5	      0.5

ML: 5	        0	        2	
ML: 4	        1	        5	
ML: 3	        2	        8	
ML: 2	        3	       11	
ML: 1	        3	       12	
ML: 0	        4	       13	

Sum of all matrix elements: 64


-> Spectroscopic Term found:
L=5, S=0.5 --- 2H  (M.E.= 22)

-> Eliminating the 2H microstates from Anwser Matrix.


	*** Anwser Matrix - all microstates computed ***

MS:	      1.5	      0.5

ML: 5	        0	        1	
ML: 4	        1	        4	
ML: 3	        2	        7	
ML: 2	        3	       10	
ML: 1	        3	       11	
ML: 0	        4	       12	

Sum of all matrix elements: 58


-> Spectroscopic Term found:
L=5, S=0.5 --- 2H  (M.E.= 22)

-> Eliminating the 2H microstates from Anwser Matrix.


	*** Anwser Matrix - all microstates computed ***

MS:	      1.5	      0.5

ML: 4	        1	        3	
ML: 3	        2	        6	
ML: 2	        3	        9	
ML: 1	        3	       10	
ML: 0	        4	       11	

Sum of all matrix elements: 52


-> Spectroscopic Term found:
L=4, S=1.5 --- 4G  (M.E.= 36)

-> Eliminating the 4G microstates from Anwser Matrix.


	*** Anwser Matrix - all microstates computed ***

MS:	      1.5	      0.5

ML: 4	        0	        2	
ML: 3	        1	        5	
ML: 2	        2	        8	
ML: 1	        2	        9	
ML: 0	        3	       10	

Sum of all matrix elements: 42


-> Spectroscopic Term found:
L=4, S=0.5 --- 2G  (M.E.= 18)

-> Eliminating the 2G microstates from Anwser Matrix.


	*** Anwser Matrix - all microstates computed ***

MS:	      1.5	      0.5

ML: 4	        0	        1	
ML: 3	        1	        4	
ML: 2	        2	        7	
ML: 1	        2	        8	
ML: 0	        3	        9	

Sum of all matrix elements: 37


-> Spectroscopic Term found:
L=4, S=0.5 --- 2G  (M.E.= 18)

-> Eliminating the 2G microstates from Anwser Matrix.


	*** Anwser Matrix - all microstates computed ***

MS:	      1.5	      0.5

ML: 3	        1	        3	
ML: 2	        2	        6	
ML: 1	        2	        7	
ML: 0	        3	        8	

Sum of all matrix elements: 32


-> Spectroscopic Term found:
L=3, S=1.5 --- 4F  (M.E.= 28)

-> Eliminating the 4F microstates from Anwser Matrix.


	*** Anwser Matrix - all microstates computed ***

MS:	      1.5	      0.5

ML: 3	        0	        2	
ML: 2	        1	        5	
ML: 1	        1	        6	
ML: 0	        2	        7	

Sum of all matrix elements: 24


-> Spectroscopic Term found:
L=3, S=0.5 --- 2F  (M.E.= 14)

-> Eliminating the 2F microstates from Anwser Matrix.


	*** Anwser Matrix - all microstates computed ***

MS:	      1.5	      0.5

ML: 3	        0	        1	
ML: 2	        1	        4	
ML: 1	        1	        5	
ML: 0	        2	        6	

Sum of all matrix elements: 20


-> Spectroscopic Term found:
L=3, S=0.5 --- 2F  (M.E.= 14)

-> Eliminating the 2F microstates from Anwser Matrix.


	*** Anwser Matrix - all microstates computed ***

MS:	      1.5	      0.5

ML: 2	        1	        3	
ML: 1	        1	        4	
ML: 0	        2	        5	

Sum of all matrix elements: 16


-> Spectroscopic Term found:
L=2, S=1.5 --- 4D  (M.E.= 20)

-> Eliminating the 4D microstates from Anwser Matrix.


	*** Anwser Matrix - all microstates computed ***

MS:	      1.5	      0.5

ML: 2	        0	        2	
ML: 1	        0	        3	
ML: 0	        1	        4	

Sum of all matrix elements: 10


-> Spectroscopic Term found:
L=2, S=0.5 --- 2D  (M.E.= 10)

-> Eliminating the 2D microstates from Anwser Matrix.


	*** Anwser Matrix - all microstates computed ***

MS:	      1.5	      0.5

ML: 2	        0	        1	
ML: 1	        0	        2	
ML: 0	        1	        3	

Sum of all matrix elements: 7


-> Spectroscopic Term found:
L=2, S=0.5 --- 2D  (M.E.= 10)

-> Eliminating the 2D microstates from Anwser Matrix.


	*** Anwser Matrix - all microstates computed ***

MS:	      1.5	      0.5

ML: 1	        0	        1	
ML: 0	        1	        2	

Sum of all matrix elements: 4


-> Spectroscopic Term found:
L=1, S=0.5 --- 2P  (M.E.= 6)

-> Eliminating the 2P microstates from Anwser Matrix.


	*** Anwser Matrix - all microstates computed ***

MS:	      1.5	      0.5

ML: 0	        1	        1	

Sum of all matrix elements: 2


-> Spectroscopic Term found:
L=0, S=1.5 --- 4S  (M.E.= 4)

-> Eliminating the 4S microstates from Anwser Matrix.


	*** Anwser Matrix - all microstates computed ***

MS:	      0.0

ML: 0	        0	

Sum of all matrix elements: 0


	**** ALL SPECTROCOPIC TERMS FOUND *****
	Ordered according Hund's rule
	Total amount of Terms: 17

!->   4I     (M.E.=    52   |   N terms:  1       )
!->   4G     (M.E.=    36   |   N terms:  1       )
!->   4F     (M.E.=    28   |   N terms:  1       )
!->   4D     (M.E.=    20   |   N terms:  1       )
!->   4S     (M.E.=     4   |   N terms:  1       )
!->   2L     (M.E.=    34   |   N terms:  1       )
!->   2K     (M.E.=    30   |   N terms:  1       )
!->   2I     (M.E.=    26   |   N terms:  1       )
!->   2H     (M.E.=    22   |   N terms:  2       )
!->   2G     (M.E.=    18   |   N terms:  2       )
!->   2F     (M.E.=    14   |   N terms:  2       )
!->   2D     (M.E.=    10   |   N terms:  2       )
!->   2P     (M.E.=     6   |   N terms:  1       )

	*** SPIN ORBIT COUPLING ***

-> H(E-E): 4I (M.E.= 52)
-> H(S-O): 4I7.5  4I6.5  4I5.5  4I4.5 

-> H(E-E): 4G (M.E.= 36)
-> H(S-O): 4G5.5  4G4.5  4G3.5  4G2.5 

-> H(E-E): 4F (M.E.= 28)
-> H(S-O): 4F4.5  4F3.5  4F2.5  4F1.5 

-> H(E-E): 4D (M.E.= 20)
-> H(S-O): 4D3.5  4D2.5  4D1.5  4D0.5 

-> H(E-E): 4S (M.E.= 4)
-> H(S-O): 4S1.5 

-> H(E-E): 2L (M.E.= 34)
-> H(S-O): 2L8.5  2L7.5 

-> H(E-E): 2K (M.E.= 30)
-> H(S-O): 2K7.5  2K6.5 

-> H(E-E): 2I (M.E.= 26)
-> H(S-O): 2I6.5  2I5.5 

-> H(E-E): 2H (M.E.= 22)
-> H(S-O): 2H5.5  2H4.5 

-> H(E-E): 2G (M.E.= 18)
-> H(S-O): 2G4.5  2G3.5 

-> H(E-E): 2F (M.E.= 14)
-> H(S-O): 2F3.5  2F2.5 

-> H(E-E): 2D (M.E.= 10)
-> H(S-O): 2D2.5  2D1.5 

-> H(E-E): 2P (M.E.= 6)
-> H(S-O): 2P1.5  2P0.5 



	*** The obtension of all Spectroscopic Terms (Term Symbols) for configuration 'f3' ended normally!***

Job completed!
Elapserd time: 0.002552 s 

